[2025-06-16 12:11:42] ==================================================
[2025-06-16 12:11:42] ==================================================
[2025-06-16 12:11:42] FILE UPLOAD START
[2025-06-16 12:11:42] FILE UPLOAD START
[2025-06-16 12:11:42] ==================================================
[2025-06-16 12:11:42] Method: POST
[2025-06-16 12:11:42] ==================================================
[2025-06-16 12:11:42] Content-Type: multipart/form-data; boundary=----WebKitFormBoundaryH6SE9j9PJsOk69al
[2025-06-16 12:11:42] Method: POST
[2025-06-16 12:11:42] Content-Type: multipart/form-data; boundary=----WebKitFormBoundaryH6SE9j9PJsOk69al
[2025-06-16 12:11:42] Content-Type: multipart/form-data; boundary=----WebKitFormBoundaryH6SE9j9PJsOk69al
[2025-06-16 12:11:42] Content-Length: 52
[2025-06-16 12:11:42] Content-Type: multipart/form-data; boundary=----WebKitFormBoundaryH6SE9j9PJsOk69al
[2025-06-16 12:11:42] Boundary: ----WebKitFormBoundaryH6SE9j9PJsOk69al
[2025-06-16 12:11:42] Content-Length: 52
[2025-06-16 12:11:42] Read 52 bytes
[2025-06-16 12:11:42] Boundary: ----WebKitFormBoundaryH6SE9j9PJsOk69al
[2025-06-16 12:11:42] Read 52 bytes
[2025-06-16 12:11:42] ==================================================
[2025-06-16 12:11:42] FILE UPLOAD END
[2025-06-16 12:11:42] ==================================================
[2025-06-16 12:11:42] ==================================================
[2025-06-16 12:11:42] FILE UPLOAD END
[2025-06-16 12:11:42] ==================================================
[2025-06-16 12:17:06] ==================================================
[2025-06-16 12:17:06] FILE UPLOAD CGI START
[2025-06-16 12:17:06] ==================================================
[2025-06-16 12:17:06] ==================================================
[2025-06-16 12:17:06] Request method: POST
[2025-06-16 12:17:06] FILE UPLOAD CGI START
[2025-06-16 12:17:06] Content type: multipart/form-data; boundary=----WebKitFormBoundaryYjMSCKRtWiZ02eNB
[2025-06-16 12:17:06] ==================================================
[2025-06-16 12:17:06] Content length: 52
[2025-06-16 12:17:06] Request method: POST
[2025-06-16 12:17:06] Stdin data: __STREAMING_UPLOAD_FILE:/tmp/webserver_upload_Jtf5gq...
[2025-06-16 12:17:06] Content type: multipart/form-data; boundary=----WebKitFormBoundaryYjMSCKRtWiZ02eNB
[2025-06-16 12:17:06] Detected streaming upload
[2025-06-16 12:17:06] Content length: 52
[2025-06-16 12:17:06] Streaming file path: /tmp/webserver_upload_Jtf5gq
[2025-06-16 12:17:06] Stdin data: __STREAMING_UPLOAD_FILE:/tmp/webserver_upload_Jtf5gq...
[2025-06-16 12:17:06] Parsing multipart from file: /tmp/webserver_upload_Jtf5gq
[2025-06-16 12:17:06] Detected streaming upload
[2025-06-16 12:17:06] Streaming file path: /tmp/webserver_upload_Jtf5gq
[2025-06-16 12:17:06] Parsing multipart from file: /tmp/webserver_upload_Jtf5gq
[2025-06-16 12:17:06] Read 7461738 bytes from file
[2025-06-16 12:17:06] Using boundary: ----WebKitFormBoundaryYjMSCKRtWiZ02eNB
[2025-06-16 12:17:06] Read 7461738 bytes from file
[2025-06-16 12:17:06] Using boundary: ----WebKitFormBoundaryYjMSCKRtWiZ02eNB
[2025-06-16 12:17:06] Found file field: filename, filename: video_errachidia_state.mp4
[2025-06-16 12:17:06] Found file: video_errachidia_state.mp4, size: 7461535 bytes
[2025-06-16 12:17:06] Sanitized filename: video_errachidia_state.mp4
[2025-06-16 12:17:06] Found file field: filename, filename: video_errachidia_state.mp4
[2025-06-16 12:17:06] Found file: video_errachidia_state.mp4, size: 7461535 bytes
[2025-06-16 12:17:06] Sanitized filename: video_errachidia_state.mp4
[2025-06-16 12:17:06] File saved to: /tmp/video_errachidia_state.mp4
[2025-06-16 12:17:06] Sending response: 200 OK
[2025-06-16 12:17:06] Response sent
[2025-06-16 12:17:06] Cleaned up temp file: /tmp/webserver_upload_Jtf5gq
[2025-06-16 12:17:06] ==================================================
[2025-06-16 12:17:06] FILE UPLOAD CGI END
[2025-06-16 12:17:06] ==================================================
[2025-06-16 12:17:06] File saved to: /tmp/video_errachidia_state.mp4
[2025-06-16 12:17:06] Sending response: 200 OK
[2025-06-16 12:17:06] Response sent
[2025-06-16 12:17:06] Failed to clean up temp file: /tmp/webserver_upload_Jtf5gq
[2025-06-16 12:17:06] ==================================================
[2025-06-16 12:17:06] FILE UPLOAD CGI END
[2025-06-16 12:17:06] ==================================================
[2025-06-16 12:17:27] ==================================================
[2025-06-16 12:17:27] ==================================================
[2025-06-16 12:17:27] FILE UPLOAD CGI START
[2025-06-16 12:17:27] FILE UPLOAD CGI START
[2025-06-16 12:17:27] ==================================================
[2025-06-16 12:17:27] Request method: POST
[2025-06-16 12:17:27] ==================================================
[2025-06-16 12:17:27] Content type: multipart/form-data; boundary=----WebKitFormBoundary4K0JlxY7GDFPKtow
[2025-06-16 12:17:27] Content length: 52
[2025-06-16 12:17:27] Request method: POST
[2025-06-16 12:17:27] Stdin data: __STREAMING_UPLOAD_FILE:/tmp/webserver_upload_KEwpsi...
[2025-06-16 12:17:27] Content type: multipart/form-data; boundary=----WebKitFormBoundary4K0JlxY7GDFPKtow
[2025-06-16 12:17:27] Detected streaming upload
[2025-06-16 12:17:27] Content length: 52
[2025-06-16 12:17:27] Streaming file path: /tmp/webserver_upload_KEwpsi
[2025-06-16 12:17:27] Stdin data: __STREAMING_UPLOAD_FILE:/tmp/webserver_upload_KEwpsi...
[2025-06-16 12:17:27] Parsing multipart from file: /tmp/webserver_upload_KEwpsi
[2025-06-16 12:17:27] Detected streaming upload
[2025-06-16 12:17:27] Streaming file path: /tmp/webserver_upload_KEwpsi
[2025-06-16 12:17:27] Parsing multipart from file: /tmp/webserver_upload_KEwpsi
[2025-06-16 12:17:27] Read 7461738 bytes from file
[2025-06-16 12:17:27] Using boundary: ----WebKitFormBoundary4K0JlxY7GDFPKtow
[2025-06-16 12:17:27] Read 7461738 bytes from file
[2025-06-16 12:17:27] Using boundary: ----WebKitFormBoundary4K0JlxY7GDFPKtow
[2025-06-16 12:17:27] Found file field: filename, filename: video_errachidia_state.mp4
[2025-06-16 12:17:27] Found file: video_errachidia_state.mp4, size: 7461535 bytes
[2025-06-16 12:17:27] Sanitized filename: video_errachidia_state.mp4
[2025-06-16 12:17:27] Found file field: filename, filename: video_errachidia_state.mp4
[2025-06-16 12:17:27] Found file: video_errachidia_state.mp4, size: 7461535 bytes
[2025-06-16 12:17:27] Sanitized filename: video_errachidia_state.mp4
[2025-06-16 12:17:27] File saved to: /tmp/video_errachidia_state.mp4
[2025-06-16 12:17:27] Sending response: 200 OK
[2025-06-16 12:17:27] Response sent
[2025-06-16 12:17:27] Cleaned up temp file: /tmp/webserver_upload_KEwpsi
[2025-06-16 12:17:27] ==================================================
[2025-06-16 12:17:27] FILE UPLOAD CGI END
[2025-06-16 12:17:27] ==================================================
[2025-06-16 12:17:27] File saved to: /tmp/video_errachidia_state.mp4
[2025-06-16 12:17:27] Sending response: 200 OK
[2025-06-16 12:17:27] Response sent
[2025-06-16 12:17:27] Failed to clean up temp file: /tmp/webserver_upload_KEwpsi
[2025-06-16 12:17:27] ==================================================
[2025-06-16 12:17:27] FILE UPLOAD CGI END
[2025-06-16 12:17:27] ==================================================
[2025-06-16 12:18:37] ==================================================
[2025-06-16 12:18:37] FILE UPLOAD CGI START
[2025-06-16 12:18:37] ==================================================
[2025-06-16 12:18:37] Request method: POST
[2025-06-16 12:18:37] Content type: multipart/form-data; boundary=----WebKitFormBoundaryxT4kM8wTDB8t5z0B
[2025-06-16 12:18:37] Content length: 52
[2025-06-16 12:18:37] Stdin data: __STREAMING_UPLOAD_FILE:/tmp/webserver_upload_RKku2t...
[2025-06-16 12:18:37] Detected streaming upload
[2025-06-16 12:18:37] Streaming file path: /tmp/webserver_upload_RKku2t
[2025-06-16 12:18:37] Parsing multipart from file: /tmp/webserver_upload_RKku2t
[2025-06-16 12:18:37] Read 10609690 bytes from file
[2025-06-16 12:18:37] Using boundary: ----WebKitFormBoundaryxT4kM8wTDB8t5z0B
[2025-06-16 12:18:37] Found file field: filename, filename: document-1.pdf
[2025-06-16 12:18:37] Found file: document-1.pdf, size: 10609491 bytes
[2025-06-16 12:18:37] Sanitized filename: document-1.pdf
[2025-06-16 12:18:37] File saved to: /tmp/document-1.pdf
[2025-06-16 12:18:37] Sending response: 200 OK
[2025-06-16 12:18:37] Response sent
[2025-06-16 12:18:37] Cleaned up temp file: /tmp/webserver_upload_RKku2t
[2025-06-16 12:18:37] ==================================================
[2025-06-16 12:18:37] FILE UPLOAD CGI END
[2025-06-16 12:18:37] ==================================================
[2025-06-16 12:20:00] ==================================================
[2025-06-16 12:20:00] ==================================================
[2025-06-16 12:20:00] FILE UPLOAD CGI START
[2025-06-16 12:20:00] FILE UPLOAD CGI START
[2025-06-16 12:20:00] ==================================================
[2025-06-16 12:20:00] ==================================================
[2025-06-16 12:20:00] Request method: POST
[2025-06-16 12:20:00] Request method: POST
[2025-06-16 12:20:00] Content type: multipart/form-data; boundary=----WebKitFormBoundary6BWvBEOCplwxeeye
[2025-06-16 12:20:00] Content type: multipart/form-data; boundary=----WebKitFormBoundary6BWvBEOCplwxeeye
[2025-06-16 12:20:00] Content length: 4451
[2025-06-16 12:20:00] Content length: 4451
[2025-06-16 12:20:00] Stdin data: ------WebKitFormBoundary6BWvBEOCplwxeeye
Content-Disposition: form-data; name="filename"; filename=...
[2025-06-16 12:20:00] Stdin data: ------WebKitFormBoundary6BWvBEOCplwxeeye
Content-Disposition: form-data; name="filename"; filename=...
[2025-06-16 12:20:00] Processing traditional form upload
[2025-06-16 12:20:00] Processing traditional form upload
[2025-06-16 12:20:00] Parsing multipart from stdin, length: 4451
[2025-06-16 12:20:00] Parsing multipart from stdin, length: 4451
[2025-06-16 12:20:00] Read 0 bytes from stdin
[2025-06-16 12:20:00] Read 0 bytes from stdin
[2025-06-16 12:20:00] Using boundary: ----WebKitFormBoundary6BWvBEOCplwxeeye
[2025-06-16 12:20:00] Using boundary: ----WebKitFormBoundary6BWvBEOCplwxeeye
[2025-06-16 12:20:00] Sending response: 200 OK
[2025-06-16 12:20:00] Sending response: 200 OK
[2025-06-16 12:20:00] Response sent
[2025-06-16 12:20:00] Response sent
[2025-06-16 12:20:00] ==================================================
[2025-06-16 12:20:00] ==================================================
[2025-06-16 12:20:00] FILE UPLOAD CGI END
[2025-06-16 12:20:00] FILE UPLOAD CGI END
[2025-06-16 12:20:00] ==================================================
[2025-06-16 12:20:00] ==================================================
[2025-06-16 12:20:13] ==================================================
[2025-06-16 12:20:13] ==================================================
[2025-06-16 12:20:13] FILE UPLOAD CGI START
[2025-06-16 12:20:13] ==================================================
[2025-06-16 12:20:13] FILE UPLOAD CGI START
[2025-06-16 12:20:13] Request method: POST
[2025-06-16 12:20:13] ==================================================
[2025-06-16 12:20:13] Content type: multipart/form-data; boundary=----WebKitFormBoundary4Xrf8x4FQZGrhBiT
[2025-06-16 12:20:13] Request method: POST
[2025-06-16 12:20:13] Content length: 52
[2025-06-16 12:20:13] Content type: multipart/form-data; boundary=----WebKitFormBoundary4Xrf8x4FQZGrhBiT
[2025-06-16 12:20:13] Stdin data: __STREAMING_UPLOAD_FILE:/tmp/webserver_upload_Yh8Elx...
[2025-06-16 12:20:13] Content length: 52
[2025-06-16 12:20:13] Detected streaming upload
[2025-06-16 12:20:13] Stdin data: __STREAMING_UPLOAD_FILE:/tmp/webserver_upload_Yh8Elx...
[2025-06-16 12:20:13] Streaming file path: /tmp/webserver_upload_Yh8Elx
[2025-06-16 12:20:13] Detected streaming upload
[2025-06-16 12:20:13] Parsing multipart from file: /tmp/webserver_upload_Yh8Elx
[2025-06-16 12:20:13] Streaming file path: /tmp/webserver_upload_Yh8Elx
[2025-06-16 12:20:13] Parsing multipart from file: /tmp/webserver_upload_Yh8Elx
[2025-06-16 12:20:13] Read 7461738 bytes from file
[2025-06-16 12:20:13] Using boundary: ----WebKitFormBoundary4Xrf8x4FQZGrhBiT
[2025-06-16 12:20:13] Read 7461738 bytes from file
[2025-06-16 12:20:13] Using boundary: ----WebKitFormBoundary4Xrf8x4FQZGrhBiT
[2025-06-16 12:20:13] Found file field: filename, filename: video_errachidia_state.mp4
[2025-06-16 12:20:13] Found file: video_errachidia_state.mp4, size: 7461535 bytes
[2025-06-16 12:20:13] Sanitized filename: video_errachidia_state.mp4
[2025-06-16 12:20:13] Found file field: filename, filename: video_errachidia_state.mp4
[2025-06-16 12:20:13] Found file: video_errachidia_state.mp4, size: 7461535 bytes
[2025-06-16 12:20:13] File saved to: ./tmp/video_errachidia_state.mp4
[2025-06-16 12:20:13] Sending response: 200 OK
[2025-06-16 12:20:13] Sanitized filename: video_errachidia_state.mp4
[2025-06-16 12:20:13] Response sent
[2025-06-16 12:20:13] Cleaned up temp file: /tmp/webserver_upload_Yh8Elx
[2025-06-16 12:20:13] ==================================================
[2025-06-16 12:20:13] FILE UPLOAD CGI END
[2025-06-16 12:20:13] ==================================================
[2025-06-16 12:20:13] File saved to: ./tmp/video_errachidia_state.mp4
[2025-06-16 12:20:13] Sending response: 200 OK
[2025-06-16 12:20:13] Response sent
[2025-06-16 12:20:13] Failed to clean up temp file: /tmp/webserver_upload_Yh8Elx
[2025-06-16 12:20:13] ==================================================
[2025-06-16 12:20:13] FILE UPLOAD CGI END
[2025-06-16 12:20:13] ==================================================
[2025-06-16 12:20:39] ==================================================
[2025-06-16 12:20:39] ==================================================
[2025-06-16 12:20:39] FILE UPLOAD CGI START
[2025-06-16 12:20:39] ==================================================
[2025-06-16 12:20:39] FILE UPLOAD CGI START
[2025-06-16 12:20:39] ==================================================
[2025-06-16 12:20:39] Request method: POST
[2025-06-16 12:20:39] Request method: POST
[2025-06-16 12:20:39] Content type: multipart/form-data; boundary=----WebKitFormBoundaryjH7Oma37yKYAXi74
[2025-06-16 12:20:39] Content type: multipart/form-data; boundary=----WebKitFormBoundaryjH7Oma37yKYAXi74
[2025-06-16 12:20:39] Content length: 52
[2025-06-16 12:20:39] Content length: 52
[2025-06-16 12:20:39] Stdin data: __STREAMING_UPLOAD_FILE:/tmp/webserver_upload_xEldgE...
[2025-06-16 12:20:39] Stdin data: __STREAMING_UPLOAD_FILE:/tmp/webserver_upload_xEldgE...
[2025-06-16 12:20:39] Detected streaming upload
[2025-06-16 12:20:39] Detected streaming upload
[2025-06-16 12:20:39] Streaming file path: /tmp/webserver_upload_xEldgE
[2025-06-16 12:20:39] Streaming file path: /tmp/webserver_upload_xEldgE
[2025-06-16 12:20:39] Parsing multipart from file: /tmp/webserver_upload_xEldgE
[2025-06-16 12:20:39] Parsing multipart from file: /tmp/webserver_upload_xEldgE
[2025-06-16 12:20:39] Read 10615902 bytes from file
[2025-06-16 12:20:39] Using boundary: ----WebKitFormBoundaryjH7Oma37yKYAXi74
[2025-06-16 12:20:39] Read 10615902 bytes from file
[2025-06-16 12:20:39] Using boundary: ----WebKitFormBoundaryjH7Oma37yKYAXi74
[2025-06-16 12:20:39] Found file field: filename, filename: document-1.pdf
[2025-06-16 12:20:39] Found file: document-1.pdf, size: 10615703 bytes
[2025-06-16 12:20:39] Sanitized filename: document-1.pdf
[2025-06-16 12:20:39] Found file field: filename, filename: document-1.pdf
[2025-06-16 12:20:39] Found file: document-1.pdf, size: 10615703 bytes
[2025-06-16 12:20:39] Sanitized filename: document-1.pdf
[2025-06-16 12:20:39] File saved to: ./tmp/document-1.pdf
[2025-06-16 12:20:39] Sending response: 200 OK
[2025-06-16 12:20:39] Response sent
[2025-06-16 12:20:39] Cleaned up temp file: /tmp/webserver_upload_xEldgE
[2025-06-16 12:20:39] ==================================================
[2025-06-16 12:20:39] FILE UPLOAD CGI END
[2025-06-16 12:20:39] ==================================================
[2025-06-16 12:20:39] File saved to: ./tmp/document-1.pdf
[2025-06-16 12:20:39] Sending response: 200 OK
[2025-06-16 12:20:39] Response sent
[2025-06-16 12:20:39] Failed to clean up temp file: /tmp/webserver_upload_xEldgE
[2025-06-16 12:20:39] ==================================================
[2025-06-16 12:20:39] FILE UPLOAD CGI END
[2025-06-16 12:20:39] ==================================================
